E:\DEVELOPMENT\OPENFLIPPER-1.3\BUILD\PLUGIN-FACEPERFORMANCE\CMAKEFILES\GENERATE.STAMP
E:\DEVELOPMENT\OPENFLIPPER-1.3\BUILD\PLUGIN-FACEPERFORMANCE\MOC_FACEPERFORMANCEPLUGIN.CPP
E:\Development\OpenFlipper-1.3\build\Plugin-FacePerformance\Plugin-FacePerformance.dir\Release\Blendshape.obj
E:\Development\OpenFlipper-1.3\build\Plugin-FacePerformance\Plugin-FacePerformance.dir\Release\CL.2336.read.1.tlog
E:\Development\OpenFlipper-1.3\build\Plugin-FacePerformance\Plugin-FacePerformance.dir\Release\CL.2336.write.1.tlog
E:\Development\OpenFlipper-1.3\build\Plugin-FacePerformance\Plugin-FacePerformance.dir\Release\CL.7544.read.1.tlog
E:\Development\OpenFlipper-1.3\build\Plugin-FacePerformance\Plugin-FacePerformance.dir\Release\CL.7544.write.1.tlog
E:\Development\OpenFlipper-1.3\build\Plugin-FacePerformance\Plugin-FacePerformance.dir\Release\CL.8116.read.1.tlog
E:\Development\OpenFlipper-1.3\build\Plugin-FacePerformance\Plugin-FacePerformance.dir\Release\CL.8116.write.1.tlog
E:\Development\OpenFlipper-1.3\build\Plugin-FacePerformance\Plugin-FacePerformance.dir\Release\CL.8268.read.1.tlog
E:\Development\OpenFlipper-1.3\build\Plugin-FacePerformance\Plugin-FacePerformance.dir\Release\CL.8268.write.1.tlog
E:\Development\OpenFlipper-1.3\build\Plugin-FacePerformance\Plugin-FacePerformance.dir\Release\cl.command.1.tlog
E:\Development\OpenFlipper-1.3\build\Plugin-FacePerformance\Plugin-FacePerformance.dir\Release\CL.read.1.tlog
E:\Development\OpenFlipper-1.3\build\Plugin-FacePerformance\Plugin-FacePerformance.dir\Release\cl.write.1.tlog
E:\Development\OpenFlipper-1.3\build\Plugin-FacePerformance\Plugin-FacePerformance.dir\Release\custombuild.command.1.tlog
E:\Development\OpenFlipper-1.3\build\Plugin-FacePerformance\Plugin-FacePerformance.dir\Release\custombuild.read.1.tlog
E:\Development\OpenFlipper-1.3\build\Plugin-FacePerformance\Plugin-FacePerformance.dir\Release\custombuild.write.1.tlog
E:\Development\OpenFlipper-1.3\build\Plugin-FacePerformance\Plugin-FacePerformance.dir\Release\FacePerformancePlugin.obj
E:\Development\OpenFlipper-1.3\build\Plugin-FacePerformance\Plugin-FacePerformance.dir\Release\FeatureExtraction.obj
E:\Development\OpenFlipper-1.3\build\Plugin-FacePerformance\Plugin-FacePerformance.dir\Release\GraphLaplacian_PCA.obj
E:\Development\OpenFlipper-1.3\build\Plugin-FacePerformance\Plugin-FacePerformance.dir\Release\InitLM.obj
E:\Development\OpenFlipper-1.3\build\Plugin-FacePerformance\Plugin-FacePerformance.dir\Release\InitRegister.obj
E:\Development\OpenFlipper-1.3\build\Plugin-FacePerformance\Plugin-FacePerformance.dir\Release\InitRegisterMesh.obj
E:\Development\OpenFlipper-1.3\build\Plugin-FacePerformance\Plugin-FacePerformance.dir\Release\link.command.1.tlog
E:\Development\OpenFlipper-1.3\build\Plugin-FacePerformance\Plugin-FacePerformance.dir\Release\link.read.1.tlog
E:\Development\OpenFlipper-1.3\build\Plugin-FacePerformance\Plugin-FacePerformance.dir\Release\link.write.1.tlog
E:\Development\OpenFlipper-1.3\build\Plugin-FacePerformance\Plugin-FacePerformance.dir\Release\moc_FacePerformancePlugin.obj
E:\Development\OpenFlipper-1.3\build\Plugin-FacePerformance\Plugin-FacePerformance.dir\Release\mt.command.1.tlog
E:\Development\OpenFlipper-1.3\build\Plugin-FacePerformance\Plugin-FacePerformance.dir\Release\mt.read.1.tlog
E:\Development\OpenFlipper-1.3\build\Plugin-FacePerformance\Plugin-FacePerformance.dir\Release\mt.write.1.tlog
E:\Development\OpenFlipper-1.3\build\Plugin-FacePerformance\Plugin-FacePerformance.dir\Release\Neutral_PCA.obj
E:\Development\OpenFlipper-1.3\build\Plugin-FacePerformance\Plugin-FacePerformance.dir\Release\NonRigidMesh.obj
E:\DEVELOPMENT\OPENFLIPPER-1.3\BUILD\PLUGIN-FACEPERFORMANCE\PLUGIN-FACEPERFORMANCE.DIR\RELEASE\PLUGIN-FACEPERFORMANCE.DLL.INTERMEDIATE.MANIFEST
E:\Development\OpenFlipper-1.3\build\Plugin-FacePerformance\Plugin-FacePerformance.dir\Release\Plugin-FacePerformance.write.1.tlog
E:\Development\OpenFlipper-1.3\build\Plugin-FacePerformance\Plugin-FacePerformance.dir\Release\RefineMent.obj
E:\Development\OpenFlipper-1.3\build\Plugin-FacePerformance\Plugin-FacePerformance.dir\Release\RegisterMesh.obj
E:\Development\OpenFlipper-1.3\build\Plugin-FacePerformance\Plugin-FacePerformance.dir\Release\RigidMesh.obj
E:\Development\OpenFlipper-1.3\build\Plugin-FacePerformance\Plugin-FacePerformance.dir\Release\TrackingMesh.obj
E:\DEVELOPMENT\OPENFLIPPER-1.3\BUILD\PLUGIN-FACEPERFORMANCE\RELEASE\PLUGIN-FACEPERFORMANCE.DLL
E:\Development\OpenFlipper-1.3\build\Plugin-FacePerformance\Release\Plugin-FacePerformance.exp
E:\Development\OpenFlipper-1.3\build\Plugin-FacePerformance\Release\Plugin-FacePerformance.lib
